<?xml version="1.0" encoding="UTF-8"?>
<!-- Generated by org.testng.reporters.JUnitXMLReporter -->
<testsuite ignored="0" hostname="DESKTOP-F0SEMFK" failures="0" tests="2" name="Default test" time="21.001" errors="0" timestamp="2022-12-14T12:38:38 IST">
  <testcase classname="rahulshettyacademy.InkclickTests.StudentLogin" name="login" time="2.934"/>
  <testcase classname="rahulshettyacademy.InkclickTests.StudentLogin" name="loginErrorValidation" time="5.014"/>
</testsuite> <!-- Default test -->
