<?xml version="1.0" encoding="UTF-8"?>
<!-- Generated by org.testng.reporters.JUnitXMLReporter -->
<testsuite ignored="0" hostname="DESKTOP-F0SEMFK" failures="0" tests="4" name="Test" time="56.895" errors="0" timestamp="2022-12-14T13:09:52 IST">
  <testcase classname="rahulshettyacademy.InkclickTests.Registration" name="SignUp" time="10.323"/>
  <testcase classname="rahulshettyacademy.InkclickTests.CreateGroup" name="group" time="13.431"/>
  <testcase classname="rahulshettyacademy.InkclickTests.StudentLogin" name="login" time="3.455"/>
  <testcase classname="rahulshettyacademy.InkclickTests.StudentLogin" name="loginErrorValidation" time="6.532"/>
</testsuite> <!-- Test -->
